<?xml version="1.0" encoding="UTF-8"?>
<!-- Generated by org.testng.reporters.JUnitXMLReporter -->
<testsuite ignored="0" hostname="Deepaks-MacBook-Air.local" failures="0" tests="5" name="Test" time="104.313" errors="0" timestamp="2023-09-25T01:31:27 IST">
  <testcase classname="ajaxloadertest.AjaxLoaderTest" name="verifyAjaxLoader" time="11.727"/>
  <testcase classname="ajaxloadertest.AjaxLoaderTest" name="verifyAjaxLoader" time="11.166"/>
  <testcase classname="ajaxloadertest.AjaxLoaderTest" name="verifyAjaxLoader" time="11.442"/>
  <testcase classname="ajaxloadertest.AjaxLoaderTest" name="verifyAjaxLoader" time="12.115"/>
  <testcase classname="ajaxloadertest.AjaxLoaderTest" name="verifyAjaxLoader" time="12.016"/>
</testsuite> <!-- Test -->
