<?xml version="1.0" encoding="UTF-8"?>
<testng-results ignored="0" total="5" passed="5" failed="0" skipped="0">
  <reporter-output>
    <line>
      <![CDATA[VERIFY AJAX LOADER TEST STARTS]]>
    </line>
    <line>
      <![CDATA[<a href='/Users/deepakraja/eclipse-workspace/Techademy-TestNG-Problem3/test-output/screenshots/20230925_013007.png'><img src='/Users/deepakraja/eclipse-workspace/Techademy-TestNG-Problem3/test-output/screenshots/20230925_013007.png' height='200' width='200'/> </a>]]>
    </line>
    <line>
      <![CDATA[VERIFY AJAX LOADER TEST STARTS]]>
    </line>
    <line>
      <![CDATA[<a href='/Users/deepakraja/eclipse-workspace/Techademy-TestNG-Problem3/test-output/screenshots/20230925_013027.png'><img src='/Users/deepakraja/eclipse-workspace/Techademy-TestNG-Problem3/test-output/screenshots/20230925_013027.png' height='200' width='200'/> </a>]]>
    </line>
    <line>
      <![CDATA[VERIFY AJAX LOADER TEST STARTS]]>
    </line>
    <line>
      <![CDATA[<a href='/Users/deepakraja/eclipse-workspace/Techademy-TestNG-Problem3/test-output/screenshots/20230925_013046.png'><img src='/Users/deepakraja/eclipse-workspace/Techademy-TestNG-Problem3/test-output/screenshots/20230925_013046.png' height='200' width='200'/> </a>]]>
    </line>
    <line>
      <![CDATA[VERIFY AJAX LOADER TEST STARTS]]>
    </line>
    <line>
      <![CDATA[<a href='/Users/deepakraja/eclipse-workspace/Techademy-TestNG-Problem3/test-output/screenshots/20230925_013107.png'><img src='/Users/deepakraja/eclipse-workspace/Techademy-TestNG-Problem3/test-output/screenshots/20230925_013107.png' height='200' width='200'/> </a>]]>
    </line>
    <line>
      <![CDATA[VERIFY AJAX LOADER TEST STARTS]]>
    </line>
    <line>
      <![CDATA[<a href='/Users/deepakraja/eclipse-workspace/Techademy-TestNG-Problem3/test-output/screenshots/20230925_013127.png'><img src='/Users/deepakraja/eclipse-workspace/Techademy-TestNG-Problem3/test-output/screenshots/20230925_013127.png' height='200' width='200'/> </a>]]>
    </line>
  </reporter-output>
  <suite started-at="2023-09-25T01:29:43 IST" name="Suite" finished-at="2023-09-25T01:31:27 IST" duration-ms="104313">
    <groups>
    </groups>
    <test started-at="2023-09-25T01:29:43 IST" name="Test" finished-at="2023-09-25T01:31:27 IST" duration-ms="104313">
      <class name="ajaxloadertest.AjaxLoaderTest">
        <test-method is-config="true" signature="setUp()[pri:0, instance:ajaxloadertest.AjaxLoaderTest@3ee37e5a]" started-at="2023-09-25T01:29:43 IST" name="setUp" finished-at="2023-09-25T01:29:55 IST" duration-ms="11695" status="PASS">
          <reporter-output>
          </reporter-output>
        </test-method> <!-- setUp -->
        <test-method signature="verifyAjaxLoader()[pri:0, instance:ajaxloadertest.AjaxLoaderTest@3ee37e5a]" started-at="2023-09-25T01:29:55 IST" name="verifyAjaxLoader" finished-at="2023-09-25T01:30:06 IST" duration-ms="11727" status="PASS">
          <reporter-output>
            <line>
              <![CDATA[VERIFY AJAX LOADER TEST STARTS]]>
            </line>
            <line>
              <![CDATA[<a href='/Users/deepakraja/eclipse-workspace/Techademy-TestNG-Problem3/test-output/screenshots/20230925_013007.png'><img src='/Users/deepakraja/eclipse-workspace/Techademy-TestNG-Problem3/test-output/screenshots/20230925_013007.png' height='200' width='200'/> </a>]]>
            </line>
          </reporter-output>
        </test-method> <!-- verifyAjaxLoader -->
        <test-method is-config="true" signature="ScreenshotCapture(org.testng.ITestResult)[pri:0, instance:ajaxloadertest.AjaxLoaderTest@3ee37e5a]" started-at="2023-09-25T01:30:07 IST" name="ScreenshotCapture" finished-at="2023-09-25T01:30:07 IST" duration-ms="371" status="PASS">
          <params>
            <param index="0">
              <value>
                <![CDATA[[TestResult name=verifyAjaxLoader status=SUCCESS method=AjaxLoaderTest.verifyAjaxLoader()[pri:0, instance:ajaxloadertest.AjaxLoaderTest@3ee37e5a] output=VERIFY AJAX LOADER TEST STARTS]]]>
              </value>
            </param>
          </params>
          <reporter-output>
          </reporter-output>
        </test-method> <!-- ScreenshotCapture -->
        <test-method is-config="true" signature="tearDown()[pri:0, instance:ajaxloadertest.AjaxLoaderTest@3ee37e5a]" started-at="2023-09-25T01:30:07 IST" name="tearDown" finished-at="2023-09-25T01:30:07 IST" duration-ms="244" status="PASS">
          <reporter-output>
          </reporter-output>
        </test-method> <!-- tearDown -->
        <test-method is-config="true" signature="setUp()[pri:0, instance:ajaxloadertest.AjaxLoaderTest@3ee37e5a]" started-at="2023-09-25T01:30:07 IST" name="setUp" finished-at="2023-09-25T01:30:16 IST" duration-ms="9047" status="PASS">
          <reporter-output>
          </reporter-output>
        </test-method> <!-- setUp -->
        <test-method signature="verifyAjaxLoader()[pri:0, instance:ajaxloadertest.AjaxLoaderTest@3ee37e5a]" started-at="2023-09-25T01:30:16 IST" name="verifyAjaxLoader" finished-at="2023-09-25T01:30:27 IST" duration-ms="11166" status="PASS">
          <reporter-output>
            <line>
              <![CDATA[VERIFY AJAX LOADER TEST STARTS]]>
            </line>
            <line>
              <![CDATA[<a href='/Users/deepakraja/eclipse-workspace/Techademy-TestNG-Problem3/test-output/screenshots/20230925_013027.png'><img src='/Users/deepakraja/eclipse-workspace/Techademy-TestNG-Problem3/test-output/screenshots/20230925_013027.png' height='200' width='200'/> </a>]]>
            </line>
          </reporter-output>
        </test-method> <!-- verifyAjaxLoader -->
        <test-method is-config="true" signature="ScreenshotCapture(org.testng.ITestResult)[pri:0, instance:ajaxloadertest.AjaxLoaderTest@3ee37e5a]" started-at="2023-09-25T01:30:27 IST" name="ScreenshotCapture" finished-at="2023-09-25T01:30:28 IST" duration-ms="258" status="PASS">
          <params>
            <param index="0">
              <value>
                <![CDATA[[TestResult name=verifyAjaxLoader status=SUCCESS method=AjaxLoaderTest.verifyAjaxLoader()[pri:0, instance:ajaxloadertest.AjaxLoaderTest@3ee37e5a] output=VERIFY AJAX LOADER TEST STARTS]]]>
              </value>
            </param>
          </params>
          <reporter-output>
          </reporter-output>
        </test-method> <!-- ScreenshotCapture -->
        <test-method is-config="true" signature="tearDown()[pri:0, instance:ajaxloadertest.AjaxLoaderTest@3ee37e5a]" started-at="2023-09-25T01:30:28 IST" name="tearDown" finished-at="2023-09-25T01:30:28 IST" duration-ms="248" status="PASS">
          <reporter-output>
          </reporter-output>
        </test-method> <!-- tearDown -->
        <test-method is-config="true" signature="setUp()[pri:0, instance:ajaxloadertest.AjaxLoaderTest@3ee37e5a]" started-at="2023-09-25T01:30:28 IST" name="setUp" finished-at="2023-09-25T01:30:35 IST" duration-ms="6712" status="PASS">
          <reporter-output>
          </reporter-output>
        </test-method> <!-- setUp -->
        <test-method signature="verifyAjaxLoader()[pri:0, instance:ajaxloadertest.AjaxLoaderTest@3ee37e5a]" started-at="2023-09-25T01:30:35 IST" name="verifyAjaxLoader" finished-at="2023-09-25T01:30:46 IST" duration-ms="11442" status="PASS">
          <reporter-output>
            <line>
              <![CDATA[VERIFY AJAX LOADER TEST STARTS]]>
            </line>
            <line>
              <![CDATA[<a href='/Users/deepakraja/eclipse-workspace/Techademy-TestNG-Problem3/test-output/screenshots/20230925_013046.png'><img src='/Users/deepakraja/eclipse-workspace/Techademy-TestNG-Problem3/test-output/screenshots/20230925_013046.png' height='200' width='200'/> </a>]]>
            </line>
          </reporter-output>
        </test-method> <!-- verifyAjaxLoader -->
        <test-method is-config="true" signature="ScreenshotCapture(org.testng.ITestResult)[pri:0, instance:ajaxloadertest.AjaxLoaderTest@3ee37e5a]" started-at="2023-09-25T01:30:46 IST" name="ScreenshotCapture" finished-at="2023-09-25T01:30:46 IST" duration-ms="265" status="PASS">
          <params>
            <param index="0">
              <value>
                <![CDATA[[TestResult name=verifyAjaxLoader status=SUCCESS method=AjaxLoaderTest.verifyAjaxLoader()[pri:0, instance:ajaxloadertest.AjaxLoaderTest@3ee37e5a] output=VERIFY AJAX LOADER TEST STARTS]]]>
              </value>
            </param>
          </params>
          <reporter-output>
          </reporter-output>
        </test-method> <!-- ScreenshotCapture -->
        <test-method is-config="true" signature="tearDown()[pri:0, instance:ajaxloadertest.AjaxLoaderTest@3ee37e5a]" started-at="2023-09-25T01:30:46 IST" name="tearDown" finished-at="2023-09-25T01:30:47 IST" duration-ms="228" status="PASS">
          <reporter-output>
          </reporter-output>
        </test-method> <!-- tearDown -->
        <test-method is-config="true" signature="setUp()[pri:0, instance:ajaxloadertest.AjaxLoaderTest@3ee37e5a]" started-at="2023-09-25T01:30:47 IST" name="setUp" finished-at="2023-09-25T01:30:55 IST" duration-ms="8602" status="PASS">
          <reporter-output>
          </reporter-output>
        </test-method> <!-- setUp -->
        <test-method signature="verifyAjaxLoader()[pri:0, instance:ajaxloadertest.AjaxLoaderTest@3ee37e5a]" started-at="2023-09-25T01:30:55 IST" name="verifyAjaxLoader" finished-at="2023-09-25T01:31:07 IST" duration-ms="12115" status="PASS">
          <reporter-output>
            <line>
              <![CDATA[VERIFY AJAX LOADER TEST STARTS]]>
            </line>
            <line>
              <![CDATA[<a href='/Users/deepakraja/eclipse-workspace/Techademy-TestNG-Problem3/test-output/screenshots/20230925_013107.png'><img src='/Users/deepakraja/eclipse-workspace/Techademy-TestNG-Problem3/test-output/screenshots/20230925_013107.png' height='200' width='200'/> </a>]]>
            </line>
          </reporter-output>
        </test-method> <!-- verifyAjaxLoader -->
        <test-method is-config="true" signature="ScreenshotCapture(org.testng.ITestResult)[pri:0, instance:ajaxloadertest.AjaxLoaderTest@3ee37e5a]" started-at="2023-09-25T01:31:07 IST" name="ScreenshotCapture" finished-at="2023-09-25T01:31:08 IST" duration-ms="275" status="PASS">
          <params>
            <param index="0">
              <value>
                <![CDATA[[TestResult name=verifyAjaxLoader status=SUCCESS method=AjaxLoaderTest.verifyAjaxLoader()[pri:0, instance:ajaxloadertest.AjaxLoaderTest@3ee37e5a] output=VERIFY AJAX LOADER TEST STARTS]]]>
              </value>
            </param>
          </params>
          <reporter-output>
          </reporter-output>
        </test-method> <!-- ScreenshotCapture -->
        <test-method is-config="true" signature="tearDown()[pri:0, instance:ajaxloadertest.AjaxLoaderTest@3ee37e5a]" started-at="2023-09-25T01:31:08 IST" name="tearDown" finished-at="2023-09-25T01:31:08 IST" duration-ms="226" status="PASS">
          <reporter-output>
          </reporter-output>
        </test-method> <!-- tearDown -->
        <test-method is-config="true" signature="setUp()[pri:0, instance:ajaxloadertest.AjaxLoaderTest@3ee37e5a]" started-at="2023-09-25T01:31:08 IST" name="setUp" finished-at="2023-09-25T01:31:15 IST" duration-ms="6964" status="PASS">
          <reporter-output>
          </reporter-output>
        </test-method> <!-- setUp -->
        <test-method signature="verifyAjaxLoader()[pri:0, instance:ajaxloadertest.AjaxLoaderTest@3ee37e5a]" started-at="2023-09-25T01:31:15 IST" name="verifyAjaxLoader" finished-at="2023-09-25T01:31:27 IST" duration-ms="12016" status="PASS">
          <reporter-output>
            <line>
              <![CDATA[VERIFY AJAX LOADER TEST STARTS]]>
            </line>
            <line>
              <![CDATA[<a href='/Users/deepakraja/eclipse-workspace/Techademy-TestNG-Problem3/test-output/screenshots/20230925_013127.png'><img src='/Users/deepakraja/eclipse-workspace/Techademy-TestNG-Problem3/test-output/screenshots/20230925_013127.png' height='200' width='200'/> </a>]]>
            </line>
          </reporter-output>
        </test-method> <!-- verifyAjaxLoader -->
        <test-method is-config="true" signature="ScreenshotCapture(org.testng.ITestResult)[pri:0, instance:ajaxloadertest.AjaxLoaderTest@3ee37e5a]" started-at="2023-09-25T01:31:27 IST" name="ScreenshotCapture" finished-at="2023-09-25T01:31:27 IST" duration-ms="261" status="PASS">
          <params>
            <param index="0">
              <value>
                <![CDATA[[TestResult name=verifyAjaxLoader status=SUCCESS method=AjaxLoaderTest.verifyAjaxLoader()[pri:0, instance:ajaxloadertest.AjaxLoaderTest@3ee37e5a] output=VERIFY AJAX LOADER TEST STARTS]]]>
              </value>
            </param>
          </params>
          <reporter-output>
          </reporter-output>
        </test-method> <!-- ScreenshotCapture -->
        <test-method is-config="true" signature="tearDown()[pri:0, instance:ajaxloadertest.AjaxLoaderTest@3ee37e5a]" started-at="2023-09-25T01:31:27 IST" name="tearDown" finished-at="2023-09-25T01:31:27 IST" duration-ms="255" status="PASS">
          <reporter-output>
          </reporter-output>
        </test-method> <!-- tearDown -->
      </class> <!-- ajaxloadertest.AjaxLoaderTest -->
    </test> <!-- Test -->
  </suite> <!-- Suite -->
</testng-results>
